<?xml version="1.0" encoding="UTF-8"?>
<testsuite xmlns:xsi="http://www.w3.org/2001/XMLSchema-instance" xsi:noNamespaceSchemaLocation="https://maven.apache.org/surefire/maven-surefire-plugin/xsd/surefire-test-report.xsd" version="3.0.2" name="com.example.CMPE451.controller.WasteLogControllerTest" time="0.624" tests="6" errors="0" skipped="0" failures="0">
  <properties>
[...]
</properties>
  <testcase name="testGetLogs" classname="com.example.CMPE451.controller.WasteLogControllerTest" time="0.02">
    <system-out><![CDATA[08:13:40.669 [main] INFO  o.s.b.t.c.SpringBootTestContextBootstrapper - Found @SpringBootConfiguration com.example.CMPE451.Cmpe451Application for test class com.example.CMPE451.controller.WasteLogControllerTest

  .   ____          _            __ _ _
 /\\ / ___'_ __ _ _(_)_ __  __ _ \ \ \ \
( ( )\___ | '_ | '_| | '_ \/ _` | \ \ \ \
 \\/  ___)| |_)| | | | | || (_| |  ) ) ) )
  '  |____| .__|_| |_|_| |_\__, | / / / /
 =========|_|==============|___/=/_/_/_/

 :: Spring Boot ::                (v3.4.4)

08:13:40.697 [main] INFO  c.e.C.c.WasteLogControllerTest - Starting WasteLogControllerTest using Java 21.0.6 with PID 31204 (started by Cengizhan in C:\Users\Cengizhan\Desktop\bounswe2025group5-new\backend)
08:13:40.698 [main] INFO  c.e.C.c.WasteLogControllerTest - No active profile set, falling back to 1 default profile: "default"
08:13:41.147 [main] INFO  o.s.s.c.a.a.c.InitializeUserDetailsBeanManagerConfigurer$InitializeUserDetailsManagerConfigurer - Global AuthenticationManager configured with UserDetailsService bean with name myUserDetailsService
08:13:41.161 [main] INFO  o.s.b.t.m.w.SpringBootMockServletContext - Initializing Spring TestDispatcherServlet ''
08:13:41.161 [main] INFO  o.s.t.w.s.TestDispatcherServlet - Initializing Servlet ''
08:13:41.161 [main] INFO  o.s.t.w.s.TestDispatcherServlet - Completed initialization in 0 ms
08:13:41.166 [main] INFO  c.e.C.c.WasteLogControllerTest - Started WasteLogControllerTest in 0.494 seconds (process running for 12.609)
]]></system-out>
  </testcase>
  <testcase name="testUpdateWasteLog" classname="com.example.CMPE451.controller.WasteLogControllerTest" time="0.013"/>
  <testcase name="testCreateWasteLog" classname="com.example.CMPE451.controller.WasteLogControllerTest" time="0.017"/>
  <testcase name="testLogsForUserPerMonth" classname="com.example.CMPE451.controller.WasteLogControllerTest" time="0.017"/>
  <testcase name="testDeleteWasteLog" classname="com.example.CMPE451.controller.WasteLogControllerTest" time="0.009"/>
  <testcase name="testTotalLogAmountForInterval" classname="com.example.CMPE451.controller.WasteLogControllerTest" time="0.023"/>
</testsuite>