<?xml version="1.0" encoding="UTF-8" ?>
<testsuites name="vitest tests" tests="322" failures="21" errors="0" time="55.3730936">
    <testsuite name="e2e/auth.spec.ts" timestamp="2025-12-21T12:20:45.205Z" hostname="DESKTOP-6U7IB5P" tests="1" failures="1" errors="0" skipped="0" time="0">
        <testcase classname="e2e/auth.spec.ts" name="e2e/auth.spec.ts" time="0">
            <failure message="Playwright Test did not expect test() to be called here.
Most common reasons include:
- You are calling test() in a configuration file.
- You are calling test() in a file that is imported by the configuration file.
- You have two different versions of @playwright/test. This usually happens
  when one of the dependencies in your package.json depends on @playwright/test." type="Error">
Error: Playwright Test did not expect test() to be called here.
Most common reasons include:
- You are calling test() in a configuration file.
- You are calling test() in a file that is imported by the configuration file.
- You have two different versions of @playwright/test. This usually happens
  when one of the dependencies in your package.json depends on @playwright/test.
 ❯ TestTypeImpl._currentSuite node_modules/playwright/lib/common/testType.js:75:13
 ❯ TestTypeImpl._createTest node_modules/playwright/lib/common/testType.js:88:24
 ❯ node_modules/playwright/lib/transform/transform.js:275:12
 ❯ e2e/auth.spec.ts:3:1
            </failure>
        </testcase>
    </testsuite>
    <testsuite name="e2e/challenges-attend.spec.ts" timestamp="2025-12-21T12:20:45.208Z" hostname="DESKTOP-6U7IB5P" tests="1" failures="1" errors="0" skipped="0" time="0">
        <testcase classname="e2e/challenges-attend.spec.ts" name="e2e/challenges-attend.spec.ts" time="0">
            <failure message="Playwright Test did not expect test.describe() to be called here.
Most common reasons include:
- You are calling test.describe() in a configuration file.
- You are calling test.describe() in a file that is imported by the configuration file.
- You have two different versions of @playwright/test. This usually happens
  when one of the dependencies in your package.json depends on @playwright/test." type="Error">
Error: Playwright Test did not expect test.describe() to be called here.
Most common reasons include:
- You are calling test.describe() in a configuration file.
- You are calling test.describe() in a file that is imported by the configuration file.
- You have two different versions of @playwright/test. This usually happens
  when one of the dependencies in your package.json depends on @playwright/test.
 ❯ TestTypeImpl._currentSuite node_modules/playwright/lib/common/testType.js:75:13
 ❯ TestTypeImpl._describe node_modules/playwright/lib/common/testType.js:115:24
 ❯ Function.describe node_modules/playwright/lib/transform/transform.js:275:12
 ❯ e2e/challenges-attend.spec.ts:7:6
            </failure>
        </testcase>
    </testsuite>
    <testsuite name="e2e/goals-create.spec.ts" timestamp="2025-12-21T12:20:45.210Z" hostname="DESKTOP-6U7IB5P" tests="1" failures="1" errors="0" skipped="0" time="0">
        <testcase classname="e2e/goals-create.spec.ts" name="e2e/goals-create.spec.ts" time="0">
            <failure message="Playwright Test did not expect test.describe() to be called here.
Most common reasons include:
- You are calling test.describe() in a configuration file.
- You are calling test.describe() in a file that is imported by the configuration file.
- You have two different versions of @playwright/test. This usually happens
  when one of the dependencies in your package.json depends on @playwright/test." type="Error">
Error: Playwright Test did not expect test.describe() to be called here.
Most common reasons include:
- You are calling test.describe() in a configuration file.
- You are calling test.describe() in a file that is imported by the configuration file.
- You have two different versions of @playwright/test. This usually happens
  when one of the dependencies in your package.json depends on @playwright/test.
 ❯ TestTypeImpl._currentSuite node_modules/playwright/lib/common/testType.js:75:13
 ❯ TestTypeImpl._describe node_modules/playwright/lib/common/testType.js:115:24
 ❯ Function.describe node_modules/playwright/lib/transform/transform.js:275:12
 ❯ e2e/goals-create.spec.ts:9:6
            </failure>
        </testcase>
    </testsuite>
    <testsuite name="e2e/home.spec.ts" timestamp="2025-12-21T12:20:45.212Z" hostname="DESKTOP-6U7IB5P" tests="1" failures="1" errors="0" skipped="0" time="0">
        <testcase classname="e2e/home.spec.ts" name="e2e/home.spec.ts" time="0">
            <failure message="Playwright Test did not expect test() to be called here.
Most common reasons include:
- You are calling test() in a configuration file.
- You are calling test() in a file that is imported by the configuration file.
- You have two different versions of @playwright/test. This usually happens
  when one of the dependencies in your package.json depends on @playwright/test." type="Error">
Error: Playwright Test did not expect test() to be called here.
Most common reasons include:
- You are calling test() in a configuration file.
- You are calling test() in a file that is imported by the configuration file.
- You have two different versions of @playwright/test. This usually happens
  when one of the dependencies in your package.json depends on @playwright/test.
 ❯ TestTypeImpl._currentSuite node_modules/playwright/lib/common/testType.js:75:13
 ❯ TestTypeImpl._createTest node_modules/playwright/lib/common/testType.js:88:24
 ❯ node_modules/playwright/lib/transform/transform.js:275:12
 ❯ e2e/home.spec.ts:3:1
            </failure>
        </testcase>
    </testsuite>
    <testsuite name="e2e/language.spec.ts" timestamp="2025-12-21T12:20:45.213Z" hostname="DESKTOP-6U7IB5P" tests="1" failures="1" errors="0" skipped="0" time="0">
        <testcase classname="e2e/language.spec.ts" name="e2e/language.spec.ts" time="0">
            <failure message="Playwright Test did not expect test() to be called here.
Most common reasons include:
- You are calling test() in a configuration file.
- You are calling test() in a file that is imported by the configuration file.
- You have two different versions of @playwright/test. This usually happens
  when one of the dependencies in your package.json depends on @playwright/test." type="Error">
Error: Playwright Test did not expect test() to be called here.
Most common reasons include:
- You are calling test() in a configuration file.
- You are calling test() in a file that is imported by the configuration file.
- You have two different versions of @playwright/test. This usually happens
  when one of the dependencies in your package.json depends on @playwright/test.
 ❯ TestTypeImpl._currentSuite node_modules/playwright/lib/common/testType.js:75:13
 ❯ TestTypeImpl._createTest node_modules/playwright/lib/common/testType.js:88:24
 ❯ node_modules/playwright/lib/transform/transform.js:275:12
 ❯ e2e/language.spec.ts:5:1
            </failure>
        </testcase>
    </testsuite>
    <testsuite name="e2e/login-feed-like.spec.ts" timestamp="2025-12-21T12:20:45.213Z" hostname="DESKTOP-6U7IB5P" tests="1" failures="1" errors="0" skipped="0" time="0">
        <testcase classname="e2e/login-feed-like.spec.ts" name="e2e/login-feed-like.spec.ts" time="0">
            <failure message="Playwright Test did not expect test.describe() to be called here.
Most common reasons include:
- You are calling test.describe() in a configuration file.
- You are calling test.describe() in a file that is imported by the configuration file.
- You have two different versions of @playwright/test. This usually happens
  when one of the dependencies in your package.json depends on @playwright/test." type="Error">
Error: Playwright Test did not expect test.describe() to be called here.
Most common reasons include:
- You are calling test.describe() in a configuration file.
- You are calling test.describe() in a file that is imported by the configuration file.
- You have two different versions of @playwright/test. This usually happens
  when one of the dependencies in your package.json depends on @playwright/test.
 ❯ TestTypeImpl._currentSuite node_modules/playwright/lib/common/testType.js:75:13
 ❯ TestTypeImpl._describe node_modules/playwright/lib/common/testType.js:115:24
 ❯ Function.describe node_modules/playwright/lib/transform/transform.js:275:12
 ❯ e2e/login-feed-like.spec.ts:6:6
            </failure>
        </testcase>
    </testsuite>
    <testsuite name="e2e/protected-pages.spec.ts" timestamp="2025-12-21T12:20:45.214Z" hostname="DESKTOP-6U7IB5P" tests="1" failures="1" errors="0" skipped="0" time="0">
        <testcase classname="e2e/protected-pages.spec.ts" name="e2e/protected-pages.spec.ts" time="0">
            <failure message="Playwright Test did not expect test.describe() to be called here.
Most common reasons include:
- You are calling test.describe() in a configuration file.
- You are calling test.describe() in a file that is imported by the configuration file.
- You have two different versions of @playwright/test. This usually happens
  when one of the dependencies in your package.json depends on @playwright/test." type="Error">
Error: Playwright Test did not expect test.describe() to be called here.
Most common reasons include:
- You are calling test.describe() in a configuration file.
- You are calling test.describe() in a file that is imported by the configuration file.
- You have two different versions of @playwright/test. This usually happens
  when one of the dependencies in your package.json depends on @playwright/test.
 ❯ TestTypeImpl._currentSuite node_modules/playwright/lib/common/testType.js:75:13
 ❯ TestTypeImpl._describe node_modules/playwright/lib/common/testType.js:115:24
 ❯ Function.describe node_modules/playwright/lib/transform/transform.js:275:12
 ❯ e2e/protected-pages.spec.ts:7:6
            </failure>
        </testcase>
    </testsuite>
    <testsuite name="src/services/LayoutResolver.test.tsx" timestamp="2025-12-21T12:20:45.216Z" hostname="DESKTOP-6U7IB5P" tests="4" failures="0" errors="0" skipped="0" time="0.0522393">
        <testcase classname="src/services/LayoutResolver.test.tsx" name="LayoutResolver &gt; renders matched layout content for known routes" time="0.023198">
        </testcase>
        <testcase classname="src/services/LayoutResolver.test.tsx" name="LayoutResolver &gt; wraps protected routes with ProtectedRoute outside dev mode" time="0.0173415">
            <system-err>
react-i18next:: useTranslation: You will need to pass in an i18next instance by using initReactI18next { code: [32m&apos;NO_I18NEXT_INSTANCE&apos;[39m }

            </system-err>
        </testcase>
        <testcase classname="src/services/LayoutResolver.test.tsx" name="LayoutResolver &gt; does not guard unprotected auth routes even in production" time="0.0026752">
        </testcase>
        <testcase classname="src/services/LayoutResolver.test.tsx" name="LayoutResolver &gt; falls back to the root layout when no deeper layout matches" time="0.0060212">
        </testcase>
    </testsuite>
    <testsuite name="src/routes/_index.test.tsx" timestamp="2025-12-21T12:20:45.217Z" hostname="DESKTOP-6U7IB5P" tests="2" failures="0" errors="0" skipped="0" time="0.2467152">
        <testcase classname="src/routes/_index.test.tsx" name="Landing Index Route &gt; redirects authenticated users to the main page" time="0.0371144">
        </testcase>
        <testcase classname="src/routes/_index.test.tsx" name="Landing Index Route &gt; navigates to login when login button is clicked" time="0.2069256">
        </testcase>
    </testsuite>
    <testsuite name="src/components/challenges/challengeCard.test.tsx" timestamp="2025-12-21T12:20:45.217Z" hostname="DESKTOP-6U7IB5P" tests="30" failures="0" errors="0" skipped="0" time="7.5278541">
        <testcase classname="src/components/challenges/challengeCard.test.tsx" name="ChallengeCard &gt; Rendering &gt; renders challenge name and description" time="0.1992899">
            <system-err>
An update to ChallengeCard inside a test was not wrapped in act(...).

When testing, code that causes React state updates should be wrapped into act(...):

act(() =&gt; {
  /* fire events that update state */
});
/* assert on the output */

This ensures that you&apos;re testing the behavior the user would see in the browser. Learn more at https://react.dev/link/wrap-tests-with-act
An update to ChallengeCard inside a test was not wrapped in act(...).

When testing, code that causes React state updates should be wrapped into act(...):

act(() =&gt; {
  /* fire events that update state */
});
/* assert on the output */

This ensures that you&apos;re testing the behavior the user would see in the browser. Learn more at https://react.dev/link/wrap-tests-with-act

            </system-err>
        </testcase>
        <testcase classname="src/components/challenges/challengeCard.test.tsx" name="ChallengeCard &gt; Rendering &gt; renders challenge details when accordion is expanded" time="0.1585845">
        </testcase>
        <testcase classname="src/components/challenges/challengeCard.test.tsx" name="ChallengeCard &gt; Rendering &gt; displays progress visualization with correct percentage" time="0.027511">
            <system-err>
An update to ChallengeCard inside a test was not wrapped in act(...).

When testing, code that causes React state updates should be wrapped into act(...):

act(() =&gt; {
  /* fire events that update state */
});
/* assert on the output */

This ensures that you&apos;re testing the behavior the user would see in the browser. Learn more at https://react.dev/link/wrap-tests-with-act
An update to ChallengeCard inside a test was not wrapped in act(...).

When testing, code that causes React state updates should be wrapped into act(...):

act(() =&gt; {
  /* fire events that update state */
});
/* assert on the output */

This ensures that you&apos;re testing the behavior the user would see in the browser. Learn more at https://react.dev/link/wrap-tests-with-act

            </system-err>
        </testcase>
        <testcase classname="src/components/challenges/challengeCard.test.tsx" name="ChallengeCard &gt; Rendering &gt; displays progress bar with correct values when expanded" time="0.0907705">
        </testcase>
        <testcase classname="src/components/challenges/challengeCard.test.tsx" name="ChallengeCard &gt; Rendering &gt; renders without amount when amount is null" time="0.0216928">
            <system-err>
An update to ChallengeCard inside a test was not wrapped in act(...).

When testing, code that causes React state updates should be wrapped into act(...):

act(() =&gt; {
  /* fire events that update state */
});
/* assert on the output */

This ensures that you&apos;re testing the behavior the user would see in the browser. Learn more at https://react.dev/link/wrap-tests-with-act
An update to ChallengeCard inside a test was not wrapped in act(...).

When testing, code that causes React state updates should be wrapped into act(...):

act(() =&gt; {
  /* fire events that update state */
});
/* assert on the output */

This ensures that you&apos;re testing the behavior the user would see in the browser. Learn more at https://react.dev/link/wrap-tests-with-act

            </system-err>
        </testcase>
        <testcase classname="src/components/challenges/challengeCard.test.tsx" name="ChallengeCard &gt; Attend Challenge &gt; shows attend button when user is not in challenge" time="0.1628997">
        </testcase>
        <testcase classname="src/components/challenges/challengeCard.test.tsx" name="ChallengeCard &gt; Attend Challenge &gt; calls API and updates state when attend button is clicked" time="0.1513152">
        </testcase>
        <testcase classname="src/components/challenges/challengeCard.test.tsx" name="ChallengeCard &gt; Attend Challenge &gt; shows attending... text while request is pending" time="0.1465772">
        </testcase>
        <testcase classname="src/components/challenges/challengeCard.test.tsx" name="ChallengeCard &gt; Attend Challenge &gt; shows alert when attend fails" time="0.1280231">
            <system-err>
Error: Network error
    at C:/Users/erens/Desktop/projects/bounswe2025group5/frontend/src/components/challenges/challengeCard.test.tsx:197:57
    at [90mfile:///C:/Users/erens/Desktop/projects/bounswe2025group5/frontend/[39mnode_modules/[4m@vitest[24m/runner/dist/index.js:145:11
    at [90mfile:///C:/Users/erens/Desktop/projects/bounswe2025group5/frontend/[39mnode_modules/[4m@vitest[24m/runner/dist/index.js:915:26
    at [90mfile:///C:/Users/erens/Desktop/projects/bounswe2025group5/frontend/[39mnode_modules/[4m@vitest[24m/runner/dist/index.js:1240:20
    at new Promise (&lt;anonymous&gt;)
    at runWithTimeout [90m(file:///C:/Users/erens/Desktop/projects/bounswe2025group5/frontend/[39mnode_modules/[4m@vitest[24m/runner/dist/index.js:1206:10[90m)[39m
    at [90mfile:///C:/Users/erens/Desktop/projects/bounswe2025group5/frontend/[39mnode_modules/[4m@vitest[24m/runner/dist/index.js:1650:37
    at Traces.$ [90m(file:///C:/Users/erens/Desktop/projects/bounswe2025group5/frontend/[39mnode_modules/[4mvitest[24m/dist/chunks/traces.U4xDYhzZ.js:115:27[90m)[39m
    at trace [90m(file:///C:/Users/erens/Desktop/projects/bounswe2025group5/frontend/[39mnode_modules/[4mvitest[24m/dist/chunks/test.BT8LKgU9.js:239:21[90m)[39m
    at runTest [90m(file:///C:/Users/erens/Desktop/projects/bounswe2025group5/frontend/[39mnode_modules/[4m@vitest[24m/runner/dist/index.js:1650:12[90m)[39m

            </system-err>
        </testcase>
        <testcase classname="src/components/challenges/challengeCard.test.tsx" name="ChallengeCard &gt; Attend Challenge &gt; disables buttons while attending" time="0.2217159">
        </testcase>
        <testcase classname="src/components/challenges/challengeCard.test.tsx" name="ChallengeCard &gt; Leave Challenge &gt; shows leave button when user is in challenge" time="0.1115628">
        </testcase>
        <testcase classname="src/components/challenges/challengeCard.test.tsx" name="ChallengeCard &gt; Leave Challenge &gt; calls API and updates state when leave button is clicked" time="0.2740601">
        </testcase>
        <testcase classname="src/components/challenges/challengeCard.test.tsx" name="ChallengeCard &gt; Leave Challenge &gt; shows leaving... text while request is pending" time="0.1971556">
        </testcase>
        <testcase classname="src/components/challenges/challengeCard.test.tsx" name="ChallengeCard &gt; Leave Challenge &gt; shows alert when leave fails" time="0.1640121">
            <system-err>
Error: Network error
    at C:/Users/erens/Desktop/projects/bounswe2025group5/frontend/src/components/challenges/challengeCard.test.tsx:295:56
    at [90mfile:///C:/Users/erens/Desktop/projects/bounswe2025group5/frontend/[39mnode_modules/[4m@vitest[24m/runner/dist/index.js:145:11
    at [90mfile:///C:/Users/erens/Desktop/projects/bounswe2025group5/frontend/[39mnode_modules/[4m@vitest[24m/runner/dist/index.js:915:26
    at [90mfile:///C:/Users/erens/Desktop/projects/bounswe2025group5/frontend/[39mnode_modules/[4m@vitest[24m/runner/dist/index.js:1240:20
    at new Promise (&lt;anonymous&gt;)
    at runWithTimeout [90m(file:///C:/Users/erens/Desktop/projects/bounswe2025group5/frontend/[39mnode_modules/[4m@vitest[24m/runner/dist/index.js:1206:10[90m)[39m
    at [90mfile:///C:/Users/erens/Desktop/projects/bounswe2025group5/frontend/[39mnode_modules/[4m@vitest[24m/runner/dist/index.js:1650:37
    at Traces.$ [90m(file:///C:/Users/erens/Desktop/projects/bounswe2025group5/frontend/[39mnode_modules/[4mvitest[24m/dist/chunks/traces.U4xDYhzZ.js:115:27[90m)[39m
    at trace [90m(file:///C:/Users/erens/Desktop/projects/bounswe2025group5/frontend/[39mnode_modules/[4mvitest[24m/dist/chunks/test.BT8LKgU9.js:239:21[90m)[39m
    at runTest [90m(file:///C:/Users/erens/Desktop/projects/bounswe2025group5/frontend/[39mnode_modules/[4m@vitest[24m/runner/dist/index.js:1650:12[90m)[39m

            </system-err>
        </testcase>
        <testcase classname="src/components/challenges/challengeCard.test.tsx" name="ChallengeCard &gt; Log Progress &gt; opens popover when log button is clicked" time="0.2311554">
        </testcase>
        <testcase classname="src/components/challenges/challengeCard.test.tsx" name="ChallengeCard &gt; Log Progress &gt; shows alert when submitting empty amount" time="0.570598">
        </testcase>
        <testcase classname="src/components/challenges/challengeCard.test.tsx" name="ChallengeCard &gt; Log Progress &gt; logs progress with valid amount" time="0.6569284">
        </testcase>
        <testcase classname="src/components/challenges/challengeCard.test.tsx" name="ChallengeCard &gt; Log Progress &gt; logs progress with custom amount" time="0.563949">
        </testcase>
        <testcase classname="src/components/challenges/challengeCard.test.tsx" name="ChallengeCard &gt; Log Progress &gt; updates current amount after successful log" time="0.4729121">
        </testcase>
        <testcase classname="src/components/challenges/challengeCard.test.tsx" name="ChallengeCard &gt; Log Progress &gt; shows logging... text while request is pending" time="0.4152216">
        </testcase>
        <testcase classname="src/components/challenges/challengeCard.test.tsx" name="ChallengeCard &gt; Log Progress &gt; shows alert when log fails" time="0.3687749">
            <system-err>
Error: Network error
    at C:/Users/erens/Desktop/projects/bounswe2025group5/frontend/src/components/challenges/challengeCard.test.tsx:483:71
    at [90mfile:///C:/Users/erens/Desktop/projects/bounswe2025group5/frontend/[39mnode_modules/[4m@vitest[24m/runner/dist/index.js:145:11
    at [90mfile:///C:/Users/erens/Desktop/projects/bounswe2025group5/frontend/[39mnode_modules/[4m@vitest[24m/runner/dist/index.js:915:26
    at [90mfile:///C:/Users/erens/Desktop/projects/bounswe2025group5/frontend/[39mnode_modules/[4m@vitest[24m/runner/dist/index.js:1240:20
    at new Promise (&lt;anonymous&gt;)
    at runWithTimeout [90m(file:///C:/Users/erens/Desktop/projects/bounswe2025group5/frontend/[39mnode_modules/[4m@vitest[24m/runner/dist/index.js:1206:10[90m)[39m
    at [90mfile:///C:/Users/erens/Desktop/projects/bounswe2025group5/frontend/[39mnode_modules/[4m@vitest[24m/runner/dist/index.js:1650:37
    at Traces.$ [90m(file:///C:/Users/erens/Desktop/projects/bounswe2025group5/frontend/[39mnode_modules/[4mvitest[24m/dist/chunks/traces.U4xDYhzZ.js:115:27[90m)[39m
    at trace [90m(file:///C:/Users/erens/Desktop/projects/bounswe2025group5/frontend/[39mnode_modules/[4mvitest[24m/dist/chunks/test.BT8LKgU9.js:239:21[90m)[39m
    at runTest [90m(file:///C:/Users/erens/Desktop/projects/bounswe2025group5/frontend/[39mnode_modules/[4m@vitest[24m/runner/dist/index.js:1650:12[90m)[39m

            </system-err>
        </testcase>
        <testcase classname="src/components/challenges/challengeCard.test.tsx" name="ChallengeCard &gt; Log Progress &gt; prevents negative and zero amounts via submit validation" time="0.8990959">
        </testcase>
        <testcase classname="src/components/challenges/challengeCard.test.tsx" name="ChallengeCard &gt; Log Progress &gt; disables buttons while logging" time="0.4029067">
        </testcase>
        <testcase classname="src/components/challenges/challengeCard.test.tsx" name="ChallengeCard &gt; Log Progress &gt; combobox label reflects the selected waste item" time="0.2505319">
        </testcase>
        <testcase classname="src/components/challenges/challengeCard.test.tsx" name="ChallengeCard &gt; Log Progress &gt; allows searching and selecting a waste item" time="0.4181237">
        </testcase>
        <testcase classname="src/components/challenges/challengeCard.test.tsx" name="ChallengeCard &gt; Leaderboard &gt; renders leaderboard component" time="0.0785724">
        </testcase>
        <testcase classname="src/components/challenges/challengeCard.test.tsx" name="ChallengeCard &gt; Edge Cases &gt; handles challenge without description" time="0.0477428">
        </testcase>
        <testcase classname="src/components/challenges/challengeCard.test.tsx" name="ChallengeCard &gt; Edge Cases &gt; handles missing username in localStorage" time="0.0773396">
        </testcase>
        <testcase classname="src/components/challenges/challengeCard.test.tsx" name="ChallengeCard &gt; Edge Cases &gt; handles zero progress correctly" time="0.0082691">
            <system-err>
An update to ChallengeCard inside a test was not wrapped in act(...).

When testing, code that causes React state updates should be wrapped into act(...):

act(() =&gt; {
  /* fire events that update state */
});
/* assert on the output */

This ensures that you&apos;re testing the behavior the user would see in the browser. Learn more at https://react.dev/link/wrap-tests-with-act
An update to ChallengeCard inside a test was not wrapped in act(...).

When testing, code that causes React state updates should be wrapped into act(...):

act(() =&gt; {
  /* fire events that update state */
});
/* assert on the output */

This ensures that you&apos;re testing the behavior the user would see in the browser. Learn more at https://react.dev/link/wrap-tests-with-act

            </system-err>
        </testcase>
        <testcase classname="src/components/challenges/challengeCard.test.tsx" name="ChallengeCard &gt; Edge Cases &gt; handles challenge with zero amount" time="0.0066581">
            <system-err>
An update to ChallengeCard inside a test was not wrapped in act(...).

When testing, code that causes React state updates should be wrapped into act(...):

act(() =&gt; {
  /* fire events that update state */
});
/* assert on the output */

This ensures that you&apos;re testing the behavior the user would see in the browser. Learn more at https://react.dev/link/wrap-tests-with-act
An update to ChallengeCard inside a test was not wrapped in act(...).

When testing, code that causes React state updates should be wrapped into act(...):

act(() =&gt; {
  /* fire events that update state */
});
/* assert on the output */

This ensures that you&apos;re testing the behavior the user would see in the browser. Learn more at https://react.dev/link/wrap-tests-with-act

            </system-err>
        </testcase>
    </testsuite>
    <testsuite name="src/components/challenges/createChallenge.test.tsx" timestamp="2025-12-21T12:20:45.224Z" hostname="DESKTOP-6U7IB5P" tests="20" failures="0" errors="0" skipped="0" time="23.0620899">
        <testcase classname="src/components/challenges/createChallenge.test.tsx" name="CreateChallenge &gt; Rendering &gt; renders create challenge button" time="0.312555">
        </testcase>
        <testcase classname="src/components/challenges/createChallenge.test.tsx" name="CreateChallenge &gt; Rendering &gt; opens dialog when button is clicked" time="0.2704609">
            <system-err>
Warning: Missing `Description` or `aria-describedby={undefined}` for {DialogContent}.

            </system-err>
        </testcase>
        <testcase classname="src/components/challenges/createChallenge.test.tsx" name="CreateChallenge &gt; Rendering &gt; renders all form fields when dialog is open" time="0.1770189">
            <system-err>
Warning: Missing `Description` or `aria-describedby={undefined}` for {DialogContent}.

            </system-err>
        </testcase>
        <testcase classname="src/components/challenges/createChallenge.test.tsx" name="CreateChallenge &gt; Rendering &gt; lists all configured waste types in the select" time="0.4541643">
            <system-err>
Warning: Missing `Description` or `aria-describedby={undefined}` for {DialogContent}.

            </system-err>
        </testcase>
        <testcase classname="src/components/challenges/createChallenge.test.tsx" name="CreateChallenge &gt; Form Validation &gt; shows error when required fields are missing" time="0.1606772">
            <system-err>
Warning: Missing `Description` or `aria-describedby={undefined}` for {DialogContent}.

            </system-err>
        </testcase>
        <testcase classname="src/components/challenges/createChallenge.test.tsx" name="CreateChallenge &gt; Form Validation &gt; shows error when amount is not a number" time="2.2231876">
            <system-err>
Warning: Missing `Description` or `aria-describedby={undefined}` for {DialogContent}.

            </system-err>
        </testcase>
        <testcase classname="src/components/challenges/createChallenge.test.tsx" name="CreateChallenge &gt; Form Validation &gt; shows error when amount is zero" time="1.5128842">
            <system-err>
Warning: Missing `Description` or `aria-describedby={undefined}` for {DialogContent}.

            </system-err>
        </testcase>
        <testcase classname="src/components/challenges/createChallenge.test.tsx" name="CreateChallenge &gt; Form Validation &gt; shows error when amount is negative" time="1.3721347">
            <system-err>
Warning: Missing `Description` or `aria-describedby={undefined}` for {DialogContent}.

            </system-err>
        </testcase>
        <testcase classname="src/components/challenges/createChallenge.test.tsx" name="CreateChallenge &gt; Form Validation &gt; shows error when end date is before start date" time="1.4092217">
            <system-err>
Warning: Missing `Description` or `aria-describedby={undefined}` for {DialogContent}.

            </system-err>
        </testcase>
        <testcase classname="src/components/challenges/createChallenge.test.tsx" name="CreateChallenge &gt; Form Validation &gt; shows error when start date equals end date" time="1.5074797">
            <system-err>
Warning: Missing `Description` or `aria-describedby={undefined}` for {DialogContent}.

            </system-err>
        </testcase>
        <testcase classname="src/components/challenges/createChallenge.test.tsx" name="CreateChallenge &gt; Successful Submission &gt; creates challenge with valid data" time="1.6153332">
            <system-err>
Warning: Missing `Description` or `aria-describedby={undefined}` for {DialogContent}.

            </system-err>
        </testcase>
        <testcase classname="src/components/challenges/createChallenge.test.tsx" name="CreateChallenge &gt; Successful Submission &gt; shows success message after creating challenge" time="1.4104006">
            <system-err>
Warning: Missing `Description` or `aria-describedby={undefined}` for {DialogContent}.

            </system-err>
        </testcase>
        <testcase classname="src/components/challenges/createChallenge.test.tsx" name="CreateChallenge &gt; Successful Submission &gt; clears form fields after successful submission" time="1.5061108">
            <system-err>
Warning: Missing `Description` or `aria-describedby={undefined}` for {DialogContent}.

            </system-err>
        </testcase>
        <testcase classname="src/components/challenges/createChallenge.test.tsx" name="CreateChallenge &gt; Error Handling &gt; shows error message when API call fails" time="1.4407944">
            <system-err>
Warning: Missing `Description` or `aria-describedby={undefined}` for {DialogContent}.

            </system-err>
        </testcase>
        <testcase classname="src/components/challenges/createChallenge.test.tsx" name="CreateChallenge &gt; Error Handling &gt; shows generic error message when error is not an Error instance" time="1.4459867">
            <system-err>
Warning: Missing `Description` or `aria-describedby={undefined}` for {DialogContent}.

            </system-err>
        </testcase>
        <testcase classname="src/components/challenges/createChallenge.test.tsx" name="CreateChallenge &gt; Error Handling &gt; clears previous error when submitting again" time="1.3264382">
            <system-err>
Warning: Missing `Description` or `aria-describedby={undefined}` for {DialogContent}.

            </system-err>
        </testcase>
        <testcase classname="src/components/challenges/createChallenge.test.tsx" name="CreateChallenge &gt; Loading State &gt; shows spinner while submitting" time="1.4836283">
            <system-err>
Warning: Missing `Description` or `aria-describedby={undefined}` for {DialogContent}.

            </system-err>
        </testcase>
        <testcase classname="src/components/challenges/createChallenge.test.tsx" name="CreateChallenge &gt; Loading State &gt; disables submit button while loading" time="1.4872122">
            <system-err>
Warning: Missing `Description` or `aria-describedby={undefined}` for {DialogContent}.

            </system-err>
        </testcase>
        <testcase classname="src/components/challenges/createChallenge.test.tsx" name="CreateChallenge &gt; Form Input Handling &gt; updates form fields correctly" time="0.8488948">
            <system-err>
Warning: Missing `Description` or `aria-describedby={undefined}` for {DialogContent}.

            </system-err>
        </testcase>
        <testcase classname="src/components/challenges/createChallenge.test.tsx" name="CreateChallenge &gt; Form Input Handling &gt; handles amount input with decimal numbers" time="1.0932865">
            <system-err>
Warning: Missing `Description` or `aria-describedby={undefined}` for {DialogContent}.

            </system-err>
        </testcase>
    </testsuite>
    <testsuite name="src/components/challenges/Leaderboard.test.tsx" timestamp="2025-12-21T12:20:45.231Z" hostname="DESKTOP-6U7IB5P" tests="24" failures="0" errors="0" skipped="0" time="2.0852286">
        <testcase classname="src/components/challenges/Leaderboard.test.tsx" name="Leaderboard &gt; Rendering &gt; renders leaderboard button" time="0.1333249">
        </testcase>
        <testcase classname="src/components/challenges/Leaderboard.test.tsx" name="Leaderboard &gt; Rendering &gt; opens dialog when button is clicked" time="0.1731781">
            <system-err>
Warning: Missing `Description` or `aria-describedby={undefined}` for {DialogContent}.

            </system-err>
        </testcase>
        <testcase classname="src/components/challenges/Leaderboard.test.tsx" name="Leaderboard &gt; Rendering &gt; stops event propagation when button is clicked" time="0.1894238">
            <system-err>
Warning: Missing `Description` or `aria-describedby={undefined}` for {DialogContent}.

            </system-err>
        </testcase>
        <testcase classname="src/components/challenges/Leaderboard.test.tsx" name="Leaderboard &gt; Data Fetching &gt; fetches leaderboard data on mount" time="0.0053021">
        </testcase>
        <testcase classname="src/components/challenges/Leaderboard.test.tsx" name="Leaderboard &gt; Data Fetching &gt; refetches data when challengeId changes" time="0.0120541">
        </testcase>
        <testcase classname="src/components/challenges/Leaderboard.test.tsx" name="Leaderboard &gt; Data Fetching &gt; handles API errors gracefully" time="0.107627">
        </testcase>
        <testcase classname="src/components/challenges/Leaderboard.test.tsx" name="Leaderboard &gt; Loading State &gt; shows spinner while loading" time="0.1838285">
            <system-err>
Warning: Missing `Description` or `aria-describedby={undefined}` for {DialogContent}.

            </system-err>
        </testcase>
        <testcase classname="src/components/challenges/Leaderboard.test.tsx" name="Leaderboard &gt; Loading State &gt; hides spinner after data is loaded" time="0.1369621">
            <system-err>
Warning: Missing `Description` or `aria-describedby={undefined}` for {DialogContent}.

            </system-err>
        </testcase>
        <testcase classname="src/components/challenges/Leaderboard.test.tsx" name="Leaderboard &gt; Loading State &gt; hides spinner after error" time="0.0820534">
            <system-err>
Warning: Missing `Description` or `aria-describedby={undefined}` for {DialogContent}.

            </system-err>
        </testcase>
        <testcase classname="src/components/challenges/Leaderboard.test.tsx" name="Leaderboard &gt; Leaderboard Display &gt; displays leaderboard entries with correct ranking" time="0.0939545">
            <system-err>
Warning: Missing `Description` or `aria-describedby={undefined}` for {DialogContent}.

            </system-err>
        </testcase>
        <testcase classname="src/components/challenges/Leaderboard.test.tsx" name="Leaderboard &gt; Leaderboard Display &gt; displays username for each entry" time="0.0594087">
            <system-err>
Warning: Missing `Description` or `aria-describedby={undefined}` for {DialogContent}.

            </system-err>
        </testcase>
        <testcase classname="src/components/challenges/Leaderboard.test.tsx" name="Leaderboard &gt; Leaderboard Display &gt; displays log amount for each entry" time="0.0629205">
            <system-err>
Warning: Missing `Description` or `aria-describedby={undefined}` for {DialogContent}.

            </system-err>
        </testcase>
        <testcase classname="src/components/challenges/Leaderboard.test.tsx" name="Leaderboard &gt; Leaderboard Display &gt; displays entries in correct order" time="0.0683917">
            <system-err>
Warning: Missing `Description` or `aria-describedby={undefined}` for {DialogContent}.

            </system-err>
        </testcase>
        <testcase classname="src/components/challenges/Leaderboard.test.tsx" name="Leaderboard &gt; Leaderboard Display &gt; shows empty state when no entries" time="0.1121031">
            <system-err>
Warning: Missing `Description` or `aria-describedby={undefined}` for {DialogContent}.

            </system-err>
        </testcase>
        <testcase classname="src/components/challenges/Leaderboard.test.tsx" name="Leaderboard &gt; Leaderboard Display &gt; handles null logAmount values" time="0.1080619">
            <system-err>
Warning: Missing `Description` or `aria-describedby={undefined}` for {DialogContent}.

            </system-err>
        </testcase>
        <testcase classname="src/components/challenges/Leaderboard.test.tsx" name="Leaderboard &gt; Leaderboard Display &gt; handles undefined logAmount values" time="0.1031255">
            <system-err>
Warning: Missing `Description` or `aria-describedby={undefined}` for {DialogContent}.

            </system-err>
        </testcase>
        <testcase classname="src/components/challenges/Leaderboard.test.tsx" name="Leaderboard &gt; Leaderboard Display &gt; displays large number of entries with scrolling" time="0.0925845">
            <system-err>
Warning: Missing `Description` or `aria-describedby={undefined}` for {DialogContent}.

            </system-err>
        </testcase>
        <testcase classname="src/components/challenges/Leaderboard.test.tsx" name="Leaderboard &gt; Dialog Behavior &gt; displays dialog title" time="0.0866194">
            <system-err>
Warning: Missing `Description` or `aria-describedby={undefined}` for {DialogContent}.

            </system-err>
        </testcase>
        <testcase classname="src/components/challenges/Leaderboard.test.tsx" name="Leaderboard &gt; Dialog Behavior &gt; fetches data immediately on mount, not when dialog opens" time="0.0034286">
        </testcase>
        <testcase classname="src/components/challenges/Leaderboard.test.tsx" name="Leaderboard &gt; Edge Cases &gt; handles single entry leaderboard" time="0.0992007">
            <system-err>
Warning: Missing `Description` or `aria-describedby={undefined}` for {DialogContent}.

            </system-err>
        </testcase>
        <testcase classname="src/components/challenges/Leaderboard.test.tsx" name="Leaderboard &gt; Edge Cases &gt; handles entries with zero log amount" time="0.0778615">
            <system-err>
Warning: Missing `Description` or `aria-describedby={undefined}` for {DialogContent}.

            </system-err>
        </testcase>
        <testcase classname="src/components/challenges/Leaderboard.test.tsx" name="Leaderboard &gt; Edge Cases &gt; handles entries with very large log amounts" time="0.073055">
            <system-err>
Warning: Missing `Description` or `aria-describedby={undefined}` for {DialogContent}.

            </system-err>
        </testcase>
        <testcase classname="src/components/challenges/Leaderboard.test.tsx" name="Leaderboard &gt; Edge Cases &gt; handles challengeId of 0" time="0.0032878">
        </testcase>
        <testcase classname="src/components/challenges/Leaderboard.test.tsx" name="Leaderboard &gt; Edge Cases &gt; handles negative challengeId" time="0.0117023">
        </testcase>
    </testsuite>
    <testsuite name="src/components/challenges/RecyclingProgressVisualization.test.tsx" timestamp="2025-12-21T12:20:45.238Z" hostname="DESKTOP-6U7IB5P" tests="22" failures="0" errors="0" skipped="0" time="0.1619137">
        <testcase classname="src/components/challenges/RecyclingProgressVisualization.test.tsx" name="RecyclingProgressVisualization &gt; Rendering &gt; renders with default props" time="0.0910878">
        </testcase>
        <testcase classname="src/components/challenges/RecyclingProgressVisualization.test.tsx" name="RecyclingProgressVisualization &gt; Rendering &gt; renders with custom width and height" time="0.014953">
        </testcase>
        <testcase classname="src/components/challenges/RecyclingProgressVisualization.test.tsx" name="RecyclingProgressVisualization &gt; Rendering &gt; renders with custom className" time="0.0079768">
        </testcase>
        <testcase classname="src/components/challenges/RecyclingProgressVisualization.test.tsx" name="RecyclingProgressVisualization &gt; Rendering &gt; renders all images" time="0.0024898">
        </testcase>
        <testcase classname="src/components/challenges/RecyclingProgressVisualization.test.tsx" name="RecyclingProgressVisualization &gt; Progress Clamping &gt; clamps negative progress to 0" time="0.0028797">
        </testcase>
        <testcase classname="src/components/challenges/RecyclingProgressVisualization.test.tsx" name="RecyclingProgressVisualization &gt; Progress Clamping &gt; clamps progress over 100 to 100" time="0.0015886">
        </testcase>
        <testcase classname="src/components/challenges/RecyclingProgressVisualization.test.tsx" name="RecyclingProgressVisualization &gt; Progress Clamping &gt; handles valid progress values" time="0.0023634">
        </testcase>
        <testcase classname="src/components/challenges/RecyclingProgressVisualization.test.tsx" name="RecyclingProgressVisualization &gt; Progress Indicator &gt; shows progress indicator for mid-range values" time="0.0023087">
        </testcase>
        <testcase classname="src/components/challenges/RecyclingProgressVisualization.test.tsx" name="RecyclingProgressVisualization &gt; Progress Indicator &gt; hides progress indicator at 0%" time="0.0021665">
        </testcase>
        <testcase classname="src/components/challenges/RecyclingProgressVisualization.test.tsx" name="RecyclingProgressVisualization &gt; Progress Indicator &gt; hides progress indicator at 100%" time="0.0019178">
        </testcase>
        <testcase classname="src/components/challenges/RecyclingProgressVisualization.test.tsx" name="RecyclingProgressVisualization &gt; Progress Indicator &gt; shows indicator at 1%" time="0.0013403">
        </testcase>
        <testcase classname="src/components/challenges/RecyclingProgressVisualization.test.tsx" name="RecyclingProgressVisualization &gt; Progress Indicator &gt; shows indicator at 99%" time="0.0012036">
        </testcase>
        <testcase classname="src/components/challenges/RecyclingProgressVisualization.test.tsx" name="RecyclingProgressVisualization &gt; Progress Display &gt; displays correct percentage text" time="0.0012772">
        </testcase>
        <testcase classname="src/components/challenges/RecyclingProgressVisualization.test.tsx" name="RecyclingProgressVisualization &gt; Progress Display &gt; applies correct clipPath style to clean image" time="0.0055617">
        </testcase>
        <testcase classname="src/components/challenges/RecyclingProgressVisualization.test.tsx" name="RecyclingProgressVisualization &gt; Progress Display &gt; rounds decimal progress values" time="0.0017174">
        </testcase>
        <testcase classname="src/components/challenges/RecyclingProgressVisualization.test.tsx" name="RecyclingProgressVisualization &gt; Accessibility &gt; has correct ARIA role" time="0.0085249">
        </testcase>
        <testcase classname="src/components/challenges/RecyclingProgressVisualization.test.tsx" name="RecyclingProgressVisualization &gt; Accessibility &gt; has ARIA label with progress value" time="0.0015084">
        </testcase>
        <testcase classname="src/components/challenges/RecyclingProgressVisualization.test.tsx" name="RecyclingProgressVisualization &gt; Accessibility &gt; images have aria-hidden attribute" time="0.001394">
        </testcase>
        <testcase classname="src/components/challenges/RecyclingProgressVisualization.test.tsx" name="RecyclingProgressVisualization &gt; Edge Cases &gt; handles 0% progress" time="0.0013017">
        </testcase>
        <testcase classname="src/components/challenges/RecyclingProgressVisualization.test.tsx" name="RecyclingProgressVisualization &gt; Edge Cases &gt; handles 100% progress" time="0.0015206">
        </testcase>
        <testcase classname="src/components/challenges/RecyclingProgressVisualization.test.tsx" name="RecyclingProgressVisualization &gt; Edge Cases &gt; handles very large numbers" time="0.0013186">
        </testcase>
        <testcase classname="src/components/challenges/RecyclingProgressVisualization.test.tsx" name="RecyclingProgressVisualization &gt; Edge Cases &gt; handles decimal progress values" time="0.0019226">
        </testcase>
    </testsuite>
    <testsuite name="src/components/common/LanguageToggle.test.tsx" timestamp="2025-12-21T12:20:45.242Z" hostname="DESKTOP-6U7IB5P" tests="4" failures="0" errors="0" skipped="0" time="0.2143404">
        <testcase classname="src/components/common/LanguageToggle.test.tsx" name="LanguageToggle &gt; renders with correct flag for Turkish language" time="0.110931">
        </testcase>
        <testcase classname="src/components/common/LanguageToggle.test.tsx" name="LanguageToggle &gt; renders with correct flag for English language" time="0.0030544">
        </testcase>
        <testcase classname="src/components/common/LanguageToggle.test.tsx" name="LanguageToggle &gt; toggles language from Turkish to English" time="0.0516432">
        </testcase>
        <testcase classname="src/components/common/LanguageToggle.test.tsx" name="LanguageToggle &gt; toggles language from English to Turkish" time="0.0461079">
        </testcase>
    </testsuite>
    <testsuite name="src/components/common/navbar.test.tsx" timestamp="2025-12-21T12:20:45.243Z" hostname="DESKTOP-6U7IB5P" tests="27" failures="1" errors="0" skipped="0" time="0.6274046">
        <testcase classname="src/components/common/navbar.test.tsx" name="Navbar &gt; Unauthenticated State &gt; renders logo with correct alt text" time="0.0387857">
        </testcase>
        <testcase classname="src/components/common/navbar.test.tsx" name="Navbar &gt; Unauthenticated State &gt; renders public navigation links" time="0.1552084">
        </testcase>
        <testcase classname="src/components/common/navbar.test.tsx" name="Navbar &gt; Unauthenticated State &gt; does not render protected navigation links" time="0.0298634">
        </testcase>
        <testcase classname="src/components/common/navbar.test.tsx" name="Navbar &gt; Unauthenticated State &gt; does not render logout button and notification icon" time="0.0039488">
        </testcase>
        <testcase classname="src/components/common/navbar.test.tsx" name="Navbar &gt; Unauthenticated State &gt; highlights active route" time="0.0202531">
        </testcase>
        <testcase classname="src/components/common/navbar.test.tsx" name="Navbar &gt; Unauthenticated State &gt; navigates when clicking navigation links" time="0.0530556">
        </testcase>
        <testcase classname="src/components/common/navbar.test.tsx" name="Navbar &gt; Unauthenticated State &gt; shows sign up button for unauthenticated users" time="0.0158759">
        </testcase>
        <testcase classname="src/components/common/navbar.test.tsx" name="Navbar &gt; Authenticated State &gt; renders logo with correct alt text" time="0.0036493">
        </testcase>
        <testcase classname="src/components/common/navbar.test.tsx" name="Navbar &gt; Authenticated State &gt; renders all navigation links including protected routes" time="0.0608746">
        </testcase>
        <testcase classname="src/components/common/navbar.test.tsx" name="Navbar &gt; Authenticated State &gt; changes Home to Main Page for authenticated users" time="0.0255425">
        </testcase>
        <testcase classname="src/components/common/navbar.test.tsx" name="Navbar &gt; Authenticated State &gt; renders logout button and notification icon" time="0.0031264">
        </testcase>
        <testcase classname="src/components/common/navbar.test.tsx" name="Navbar &gt; Authenticated State &gt; does not render sign up button" time="0.0208777">
        </testcase>
        <testcase classname="src/components/common/navbar.test.tsx" name="Navbar &gt; Authenticated State &gt; highlights active route for authenticated users" time="0.0131494">
        </testcase>
        <testcase classname="src/components/common/navbar.test.tsx" name="Navbar &gt; Authenticated State &gt; navigates when clicking navigation links" time="0.0554655">
        </testcase>
        <testcase classname="src/components/common/navbar.test.tsx" name="Navbar &gt; Authenticated State &gt; applies minimum width for authenticated navbar" time="0.0029009">
        </testcase>
        <testcase classname="src/components/common/navbar.test.tsx" name="Navbar &gt; Custom Styling &gt; applies custom className when provided" time="0.0023794">
        </testcase>
        <testcase classname="src/components/common/navbar.test.tsx" name="Navbar &gt; Custom Styling &gt; applies default styling classes" time="0.0021513">
        </testcase>
        <testcase classname="src/components/common/navbar.test.tsx" name="Navbar &gt; Navigation Behavior &gt; all navigation buttons have correct hover states" time="0.0164143">
        </testcase>
        <testcase classname="src/components/common/navbar.test.tsx" name="Navbar &gt; Navigation Behavior &gt; navigates to sign up page when clicking sign up button" time="0.035448">
            <failure message="[2mexpect([22m[31melement[39m[2m).toBeInTheDocument()[22m

[31melement could not be found in the document[39m" type="Error">
Error: expect(element).toBeInTheDocument()

element could not be found in the document
 ❯ src/components/common/navbar.test.tsx:238:28
            </failure>
        </testcase>
        <testcase classname="src/components/common/navbar.test.tsx" name="Navbar &gt; Responsive Design &gt; contains responsive padding and height classes" time="0.0017986">
        </testcase>
        <testcase classname="src/components/common/navbar.test.tsx" name="Navbar &gt; Responsive Design &gt; has centered max-width container" time="0.0014022">
        </testcase>
        <testcase classname="src/components/common/navbar.test.tsx" name="Navbar &gt; Accessibility &gt; navigation has correct semantic element" time="0.0020364">
        </testcase>
        <testcase classname="src/components/common/navbar.test.tsx" name="Navbar &gt; Accessibility &gt; logo has accessible alt text" time="0.0014758">
        </testcase>
        <testcase classname="src/components/common/navbar.test.tsx" name="Navbar &gt; Accessibility &gt; all navigation items are buttons with accessible names" time="0.0166271">
        </testcase>
        <testcase classname="src/components/common/navbar.test.tsx" name="Navbar &gt; Edge Cases &gt; handles missing authToken gracefully" time="0.0092043">
        </testcase>
        <testcase classname="src/components/common/navbar.test.tsx" name="Navbar &gt; Edge Cases &gt; renders correctly when window object is undefined during SSR" time="0.0110193">
        </testcase>
        <testcase classname="src/components/common/navbar.test.tsx" name="Navbar &gt; Edge Cases &gt; handles navigation to non-existent routes" time="0.0207991">
        </testcase>
    </testsuite>
    <testsuite name="src/components/common/notification-card.test.tsx" timestamp="2025-12-21T12:20:45.248Z" hostname="DESKTOP-6U7IB5P" tests="33" failures="1" errors="0" skipped="0" time="0.9320699">
        <testcase classname="src/components/common/notification-card.test.tsx" name="NotificationCard &gt; Rendering &gt; renders notification with actor name" time="0.0552253">
        </testcase>
        <testcase classname="src/components/common/notification-card.test.tsx" name="NotificationCard &gt; Rendering &gt; renders like notification message" time="0.0108662">
            <system-err>
[MSW] Warning: intercepted a request without a matching request handler:

  • GET https://waste-less.alibartukonca.org/api/users/john_doe/profile?username=john_doe

If you still wish to intercept this unhandled request, please create a request handler for it.
Read more: https://mswjs.io/docs/http/intercepting-requests

            </system-err>
        </testcase>
        <testcase classname="src/components/common/notification-card.test.tsx" name="NotificationCard &gt; Rendering &gt; renders comment notification message" time="0.0143556">
            <system-err>
[MSW] Warning: intercepted a request without a matching request handler:

  • GET https://waste-less.alibartukonca.org/api/users/john_doe/profile?username=john_doe

If you still wish to intercept this unhandled request, please create a request handler for it.
Read more: https://mswjs.io/docs/http/intercepting-requests

            </system-err>
            <failure message="Unable to find an element with the text: /commented on your comment/i. This could be because the text is broken up by multiple elements. In this case, you can provide a function for your text matcher to make your matcher more flexible.

Ignored nodes: comments, script, style
[36m&lt;body&gt;[39m
  [36m&lt;div&gt;[39m
    [36m&lt;div[39m
      [33maria-label[39m=[32m&quot;jane_smith commented on your post. 1 days ago. &quot;[39m
      [33mclass[39m=[32m&quot;cursor-pointer transition-all hover:shadow-md focus-visible:outline-none focus-visible:ring-2 focus-visible:ring-ring focus-visible:ring-inset py-2&quot;[39m
      [33mrole[39m=[32m&quot;button&quot;[39m
      [33mtabindex[39m=[32m&quot;0&quot;[39m
    [36m&gt;[39m
      [36m&lt;div[39m
        [33mclass[39m=[32m&quot;p-3 py-2 relative&quot;[39m
      [36m&gt;[39m
        [36m&lt;div[39m
          [33mclass[39m=[32m&quot;flex items-start gap-2&quot;[39m
        [36m&gt;[39m
          [36m&lt;div&gt;[39m
            [36m&lt;img[39m
              [33malt[39m=[32m&quot;jane_smith&quot;[39m
              [33msrc[39m=[32m&quot;user-avatar.png&quot;[39m
            [36m/&gt;[39m
            [36m&lt;span&gt;[39m
              [0mJ[0m
            [36m&lt;/span&gt;[39m
          [36m&lt;/div&gt;[39m
          [36m&lt;div[39m
            [33mclass[39m=[32m&quot;flex-1 min-w-0&quot;[39m
          [36m&gt;[39m
            [36m&lt;p[39m
              [33mclass[39m=[32m&quot;text-sm leading-tight&quot;[39m
            [36m&gt;[39m
              [36m&lt;span[39m
                [33mclass[39m=[32m&quot;font-semibold&quot;[39m
              [36m&gt;[39m
                [0mjane_smith[0m
              [36m&lt;/span&gt;[39m
              [0m [0m
              [36m&lt;span[39m
                [33mclass[39m=[32m&quot;&quot;[39m
              [36m&gt;[39m
                [0mcommented on your post[0m
              [36m&lt;/span&gt;[39m
            [36m&lt;/p&gt;[39m
            [36m&lt;div[39m
              [33mclass[39m=[32m&quot;flex items-center justify-between mt-0.5&quot;[39m
            [36m&gt;[39m
              [36m&lt;p[39m
                [33mclass[39m=[32m&quot;text-[10px] text-muted-foreground&quot;[39m
              [36m&gt;[39m
                [0m1 days ago[0m
              [36m&lt;/p&gt;[39m
              [36m&lt;div[39m
                [33mclass[39m=[32m&quot;flex items-center gap-1&quot;[39m
              [36m&gt;[39m
                [36m&lt;svg[39m
                  [33maria-hidden[39m=[32m&quot;true&quot;[39m
                  [33mclass[39m=[32m&quot;lucide lucide-message-circle h-3.5 w-3.5 text-blue-500&quot;[39m
                  [33mfill[39m=[32m&quot;none&quot;[39m
                  [33mheight[39m=[32m&quot;24&quot;[39m
                  [33mstroke[39m=[32m&quot;currentColor&quot;[39m
                  [33mstroke-linecap[39m=[32m&quot;round&quot;[39m
                  [33mstroke-linejoin[39m=[32m&quot;round&quot;[39m
                  [33mstroke-width[39m=[32m&quot;2&quot;[39m
                  [33mviewBox[39m=[32m&quot;0 0 24 24&quot;[39m
                  [33mwidth[39m=[32m&quot;24&quot;[39m
                  [33mxmlns[39m=[32m&quot;http://www.w3.org/2000/svg&quot;[39m
                [36m&gt;[39m
                  [36m&lt;path[39m
                    [33md[39m=[32m&quot;M2.992 16.342a2 2 0 0 1 .094 1.167l-1.065 3.29a1 1 0 0 0 1.236 1.168l3.413-.998a2 2 0 0 1 1.099.092 10 10 0 1 0-4.777-4.719&quot;[39m
                  [36m/&gt;[39m
                [36m&lt;/svg&gt;[39m
              [36m&lt;/div&gt;[39m
            [36m&lt;/div&gt;[39m
          [36m&lt;/div&gt;[39m
        [36m&lt;/div&gt;[39m
      [36m&lt;/div&gt;[39m
    [36m&lt;/div&gt;[39m
  [36m&lt;/div&gt;[39m
[36m&lt;/body&gt;[39m" type="TestingLibraryElementError">
TestingLibraryElementError: Unable to find an element with the text: /commented on your comment/i. This could be because the text is broken up by multiple elements. In this case, you can provide a function for your text matcher to make your matcher more flexible.

Ignored nodes: comments, script, style
&lt;body&gt;
  &lt;div&gt;
    &lt;div
      aria-label=&quot;jane_smith commented on your post. 1 days ago. &quot;
      class=&quot;cursor-pointer transition-all hover:shadow-md focus-visible:outline-none focus-visible:ring-2 focus-visible:ring-ring focus-visible:ring-inset py-2&quot;
      role=&quot;button&quot;
      tabindex=&quot;0&quot;
    &gt;
      &lt;div
        class=&quot;p-3 py-2 relative&quot;
      &gt;
        &lt;div
          class=&quot;flex items-start gap-2&quot;
        &gt;
          &lt;div&gt;
            &lt;img
              alt=&quot;jane_smith&quot;
              src=&quot;user-avatar.png&quot;
            /&gt;
            &lt;span&gt;
              J
            &lt;/span&gt;
          &lt;/div&gt;
          &lt;div
            class=&quot;flex-1 min-w-0&quot;
          &gt;
            &lt;p
              class=&quot;text-sm leading-tight&quot;
            &gt;
              &lt;span
                class=&quot;font-semibold&quot;
              &gt;
                jane_smith
              &lt;/span&gt;
               
              &lt;span
                class=&quot;&quot;
              &gt;
                commented on your post
              &lt;/span&gt;
            &lt;/p&gt;
            &lt;div
              class=&quot;flex items-center justify-between mt-0.5&quot;
            &gt;
              &lt;p
                class=&quot;text-[10px] text-muted-foreground&quot;
              &gt;
                1 days ago
              &lt;/p&gt;
              &lt;div
                class=&quot;flex items-center gap-1&quot;
              &gt;
                &lt;svg
                  aria-hidden=&quot;true&quot;
                  class=&quot;lucide lucide-message-circle h-3.5 w-3.5 text-blue-500&quot;
                  fill=&quot;none&quot;
                  height=&quot;24&quot;
                  stroke=&quot;currentColor&quot;
                  stroke-linecap=&quot;round&quot;
                  stroke-linejoin=&quot;round&quot;
                  stroke-width=&quot;2&quot;
                  viewBox=&quot;0 0 24 24&quot;
                  width=&quot;24&quot;
                  xmlns=&quot;http://www.w3.org/2000/svg&quot;
                &gt;
                  &lt;path
                    d=&quot;M2.992 16.342a2 2 0 0 1 .094 1.167l-1.065 3.29a1 1 0 0 0 1.236 1.168l3.413-.998a2 2 0 0 1 1.099.092 10 10 0 1 0-4.777-4.719&quot;
                  /&gt;
                &lt;/svg&gt;
              &lt;/div&gt;
            &lt;/div&gt;
          &lt;/div&gt;
        &lt;/div&gt;
      &lt;/div&gt;
    &lt;/div&gt;
  &lt;/div&gt;
&lt;/body&gt;
 ❯ Object.getElementError node_modules/@testing-library/dom/dist/config.js:37:19
 ❯ node_modules/@testing-library/dom/dist/query-helpers.js:76:38
 ❯ node_modules/@testing-library/dom/dist/query-helpers.js:52:17
 ❯ node_modules/@testing-library/dom/dist/query-helpers.js:95:19
 ❯ src/components/common/notification-card.test.tsx:96:21
            </failure>
        </testcase>
        <testcase classname="src/components/common/notification-card.test.tsx" name="NotificationCard &gt; Rendering &gt; renders follow notification message" time="0.0084405">
            <system-err>
[MSW] Warning: intercepted a request without a matching request handler:

  • GET https://waste-less.alibartukonca.org/api/users/jane_smith/profile?username=jane_smith

If you still wish to intercept this unhandled request, please create a request handler for it.
Read more: https://mswjs.io/docs/http/intercepting-requests

            </system-err>
        </testcase>
        <testcase classname="src/components/common/notification-card.test.tsx" name="NotificationCard &gt; Rendering &gt; renders avatar with correct props" time="0.0082127">
            <system-err>
[MSW] Warning: intercepted a request without a matching request handler:

  • GET https://waste-less.alibartukonca.org/api/users/alice_wonder/profile?username=alice_wonder

If you still wish to intercept this unhandled request, please create a request handler for it.
Read more: https://mswjs.io/docs/http/intercepting-requests

            </system-err>
        </testcase>
        <testcase classname="src/components/common/notification-card.test.tsx" name="NotificationCard &gt; Rendering &gt; renders avatar fallback with first letter of username" time="0.0067872">
            <system-err>
[MSW] Warning: intercepted a request without a matching request handler:

  • GET https://waste-less.alibartukonca.org/api/users/john_doe/profile?username=john_doe

If you still wish to intercept this unhandled request, please create a request handler for it.
Read more: https://mswjs.io/docs/http/intercepting-requests

            </system-err>
        </testcase>
        <testcase classname="src/components/common/notification-card.test.tsx" name="NotificationCard &gt; Time Formatting &gt; displays time in hours for recent notifications" time="0.0232245">
            <system-err>
[MSW] Warning: intercepted a request without a matching request handler:

  • GET https://waste-less.alibartukonca.org/api/users/john_doe/profile?username=john_doe

If you still wish to intercept this unhandled request, please create a request handler for it.
Read more: https://mswjs.io/docs/http/intercepting-requests

            </system-err>
        </testcase>
        <testcase classname="src/components/common/notification-card.test.tsx" name="NotificationCard &gt; Time Formatting &gt; displays time in days for older notifications" time="0.0093047">
            <system-err>
[MSW] Warning: intercepted a request without a matching request handler:

  • GET https://waste-less.alibartukonca.org/api/users/john_doe/profile?username=john_doe

If you still wish to intercept this unhandled request, please create a request handler for it.
Read more: https://mswjs.io/docs/http/intercepting-requests

            </system-err>
        </testcase>
        <testcase classname="src/components/common/notification-card.test.tsx" name="NotificationCard &gt; Time Formatting &gt; displays time in minutes for very recent notifications" time="0.0113358">
            <system-err>
[MSW] Warning: intercepted a request without a matching request handler:

  • GET https://waste-less.alibartukonca.org/api/users/jane_smith/profile?username=jane_smith

If you still wish to intercept this unhandled request, please create a request handler for it.
Read more: https://mswjs.io/docs/http/intercepting-requests

            </system-err>
        </testcase>
        <testcase classname="src/components/common/notification-card.test.tsx" name="NotificationCard &gt; Action Icons &gt; displays heart icon for like notifications" time="0.0376518">
            <system-err>
[MSW] Warning: intercepted a request without a matching request handler:

  • GET https://waste-less.alibartukonca.org/api/users/alice_wonder/profile?username=alice_wonder

If you still wish to intercept this unhandled request, please create a request handler for it.
Read more: https://mswjs.io/docs/http/intercepting-requests

            </system-err>
        </testcase>
        <testcase classname="src/components/common/notification-card.test.tsx" name="NotificationCard &gt; Action Icons &gt; displays message icon for comment notifications" time="0.0072186">
            <system-err>
[MSW] Warning: intercepted a request without a matching request handler:

  • GET https://waste-less.alibartukonca.org/api/users/john_doe/profile?username=john_doe

If you still wish to intercept this unhandled request, please create a request handler for it.
Read more: https://mswjs.io/docs/http/intercepting-requests

            </system-err>
        </testcase>
        <testcase classname="src/components/common/notification-card.test.tsx" name="NotificationCard &gt; Action Icons &gt; displays user-plus icon for follow notifications" time="0.0043486">
            <system-err>
[MSW] Warning: intercepted a request without a matching request handler:

  • GET https://waste-less.alibartukonca.org/api/users/jane_smith/profile?username=jane_smith

If you still wish to intercept this unhandled request, please create a request handler for it.
Read more: https://mswjs.io/docs/http/intercepting-requests

            </system-err>
        </testcase>
        <testcase classname="src/components/common/notification-card.test.tsx" name="NotificationCard &gt; Read/Unread State &gt; displays unread badge for unread notifications" time="0.0260825">
            <system-err>
[MSW] Warning: intercepted a request without a matching request handler:

  • GET https://waste-less.alibartukonca.org/api/users/alice_wonder/profile?username=alice_wonder

If you still wish to intercept this unhandled request, please create a request handler for it.
Read more: https://mswjs.io/docs/http/intercepting-requests

            </system-err>
        </testcase>
        <testcase classname="src/components/common/notification-card.test.tsx" name="NotificationCard &gt; Read/Unread State &gt; does not display unread badge for read notifications" time="0.0133612">
            <system-err>
[MSW] Warning: intercepted a request without a matching request handler:

  • GET https://waste-less.alibartukonca.org/api/users/john_doe/profile?username=john_doe

If you still wish to intercept this unhandled request, please create a request handler for it.
Read more: https://mswjs.io/docs/http/intercepting-requests

            </system-err>
        </testcase>
        <testcase classname="src/components/common/notification-card.test.tsx" name="NotificationCard &gt; Read/Unread State &gt; applies highlight background for unread notifications" time="0.0093334">
            <system-err>
[MSW] Warning: intercepted a request without a matching request handler:

  • GET https://waste-less.alibartukonca.org/api/users/jane_smith/profile?username=jane_smith

If you still wish to intercept this unhandled request, please create a request handler for it.
Read more: https://mswjs.io/docs/http/intercepting-requests

            </system-err>
        </testcase>
        <testcase classname="src/components/common/notification-card.test.tsx" name="NotificationCard &gt; Read/Unread State &gt; does not apply highlight background for read notifications" time="0.0052402">
            <system-err>
[MSW] Warning: intercepted a request without a matching request handler:

  • GET https://waste-less.alibartukonca.org/api/users/john_doe/profile?username=john_doe

If you still wish to intercept this unhandled request, please create a request handler for it.
Read more: https://mswjs.io/docs/http/intercepting-requests

            </system-err>
        </testcase>
        <testcase classname="src/components/common/notification-card.test.tsx" name="NotificationCard &gt; Interaction &gt; calls onNotificationClick when card is clicked" time="0.1560478">
            <system-err>
[MSW] Warning: intercepted a request without a matching request handler:

  • GET https://waste-less.alibartukonca.org/api/users/jane_smith/profile?username=jane_smith

If you still wish to intercept this unhandled request, please create a request handler for it.
Read more: https://mswjs.io/docs/http/intercepting-requests

[MSW] Warning: intercepted a request without a matching request handler:

  • GET https://waste-less.alibartukonca.org/api/users/john_doe/profile?username=john_doe

If you still wish to intercept this unhandled request, please create a request handler for it.
Read more: https://mswjs.io/docs/http/intercepting-requests

            </system-err>
        </testcase>
        <testcase classname="src/components/common/notification-card.test.tsx" name="NotificationCard &gt; Interaction &gt; calls onMarkAsRead when unread notification is clicked" time="0.0784484">
            <system-err>
[MSW] Warning: intercepted a request without a matching request handler:

  • GET https://waste-less.alibartukonca.org/api/users/john_doe/profile?username=john_doe

If you still wish to intercept this unhandled request, please create a request handler for it.
Read more: https://mswjs.io/docs/http/intercepting-requests

            </system-err>
        </testcase>
        <testcase classname="src/components/common/notification-card.test.tsx" name="NotificationCard &gt; Interaction &gt; does not call onMarkAsRead when read notification is clicked" time="0.0379376">
            <system-err>
[MSW] Warning: intercepted a request without a matching request handler:

  • GET https://waste-less.alibartukonca.org/api/users/jane_smith/profile?username=jane_smith

If you still wish to intercept this unhandled request, please create a request handler for it.
Read more: https://mswjs.io/docs/http/intercepting-requests

            </system-err>
        </testcase>
        <testcase classname="src/components/common/notification-card.test.tsx" name="NotificationCard &gt; Interaction &gt; handles click when no callbacks provided" time="0.0864787">
            <system-err>
[MSW] Warning: intercepted a request without a matching request handler:

  • GET https://waste-less.alibartukonca.org/api/users/john_doe/profile?username=john_doe

If you still wish to intercept this unhandled request, please create a request handler for it.
Read more: https://mswjs.io/docs/http/intercepting-requests

            </system-err>
        </testcase>
        <testcase classname="src/components/common/notification-card.test.tsx" name="NotificationCard &gt; Keyboard Interaction &gt; calls handlers when Enter key is pressed" time="0.0239051">
            <system-err>
[MSW] Warning: intercepted a request without a matching request handler:

  • GET https://waste-less.alibartukonca.org/api/users/john_doe/profile?username=john_doe

If you still wish to intercept this unhandled request, please create a request handler for it.
Read more: https://mswjs.io/docs/http/intercepting-requests

            </system-err>
        </testcase>
        <testcase classname="src/components/common/notification-card.test.tsx" name="NotificationCard &gt; Keyboard Interaction &gt; calls handlers when Space key is pressed" time="0.0351915">
            <system-err>
[MSW] Warning: intercepted a request without a matching request handler:

  • GET https://waste-less.alibartukonca.org/api/users/john_doe/profile?username=john_doe

If you still wish to intercept this unhandled request, please create a request handler for it.
Read more: https://mswjs.io/docs/http/intercepting-requests

            </system-err>
        </testcase>
        <testcase classname="src/components/common/notification-card.test.tsx" name="NotificationCard &gt; Accessibility &gt; has role button" time="0.0136879">
        </testcase>
        <testcase classname="src/components/common/notification-card.test.tsx" name="NotificationCard &gt; Accessibility &gt; is keyboard focusable" time="0.0131506">
            <system-err>
[MSW] Warning: intercepted a request without a matching request handler:

  • GET https://waste-less.alibartukonca.org/api/users/john_doe/profile?username=john_doe

If you still wish to intercept this unhandled request, please create a request handler for it.
Read more: https://mswjs.io/docs/http/intercepting-requests

            </system-err>
        </testcase>
        <testcase classname="src/components/common/notification-card.test.tsx" name="NotificationCard &gt; Accessibility &gt; has descriptive aria-label for unread notifications" time="0.0177514">
            <system-err>
[MSW] Warning: intercepted a request without a matching request handler:

  • GET https://waste-less.alibartukonca.org/api/users/john_doe/profile?username=john_doe

If you still wish to intercept this unhandled request, please create a request handler for it.
Read more: https://mswjs.io/docs/http/intercepting-requests

            </system-err>
        </testcase>
        <testcase classname="src/components/common/notification-card.test.tsx" name="NotificationCard &gt; Accessibility &gt; has descriptive aria-label for read notifications" time="0.0081668">
            <system-err>
[MSW] Warning: intercepted a request without a matching request handler:

  • GET https://waste-less.alibartukonca.org/api/users/john_doe/profile?username=john_doe

If you still wish to intercept this unhandled request, please create a request handler for it.
Read more: https://mswjs.io/docs/http/intercepting-requests

            </system-err>
        </testcase>
        <testcase classname="src/components/common/notification-card.test.tsx" name="NotificationCard &gt; Accessibility &gt; includes focus-visible styling" time="0.0035843">
            <system-err>
[MSW] Warning: intercepted a request without a matching request handler:

  • GET https://waste-less.alibartukonca.org/api/users/jane_smith/profile?username=jane_smith

If you still wish to intercept this unhandled request, please create a request handler for it.
Read more: https://mswjs.io/docs/http/intercepting-requests

            </system-err>
        </testcase>
        <testcase classname="src/components/common/notification-card.test.tsx" name="NotificationCard &gt; Custom Styling &gt; applies custom className" time="0.0040234">
            <system-err>
[MSW] Warning: intercepted a request without a matching request handler:

  • GET https://waste-less.alibartukonca.org/api/users/john_doe/profile?username=john_doe

If you still wish to intercept this unhandled request, please create a request handler for it.
Read more: https://mswjs.io/docs/http/intercepting-requests

            </system-err>
        </testcase>
        <testcase classname="src/components/common/notification-card.test.tsx" name="NotificationCard &gt; Custom Styling &gt; applies default cursor-pointer and hover styles" time="0.0031486">
            <system-err>
[MSW] Warning: intercepted a request without a matching request handler:

  • GET https://waste-less.alibartukonca.org/api/users/john_doe/profile?username=john_doe

If you still wish to intercept this unhandled request, please create a request handler for it.
Read more: https://mswjs.io/docs/http/intercepting-requests

            </system-err>
        </testcase>
        <testcase classname="src/components/common/notification-card.test.tsx" name="NotificationCard &gt; Edge Cases &gt; handles notification without actorId" time="0.0048012">
            <system-err>
[MSW] Warning: intercepted a request without a matching request handler:

  • GET https://waste-less.alibartukonca.org/api/users/john_doe/profile?username=john_doe

If you still wish to intercept this unhandled request, please create a request handler for it.
Read more: https://mswjs.io/docs/http/intercepting-requests

            </system-err>
        </testcase>
        <testcase classname="src/components/common/notification-card.test.tsx" name="NotificationCard &gt; Edge Cases &gt; handles notification with unknown type" time="0.0045613">
        </testcase>
        <testcase classname="src/components/common/notification-card.test.tsx" name="NotificationCard &gt; Edge Cases &gt; handles notification without objectType" time="0.0063748">
            <system-err>
[MSW] Warning: intercepted a request without a matching request handler:

  • GET https://waste-less.alibartukonca.org/api/users/john_doe/profile?username=john_doe

If you still wish to intercept this unhandled request, please create a request handler for it.
Read more: https://mswjs.io/docs/http/intercepting-requests

            </system-err>
        </testcase>
        <testcase classname="src/components/common/notification-card.test.tsx" name="NotificationCard &gt; Edge Cases &gt; handles very recent notification (seconds)" time="0.0214559">
            <system-err>
[MSW] Warning: intercepted a request without a matching request handler:

  • GET https://waste-less.alibartukonca.org/api/users/john_doe/profile?username=john_doe

If you still wish to intercept this unhandled request, please create a request handler for it.
Read more: https://mswjs.io/docs/http/intercepting-requests

            </system-err>
        </testcase>
    </testsuite>
    <testsuite name="src/components/common/NotificationDetailDialog.test.tsx" timestamp="2025-12-21T12:20:45.258Z" hostname="DESKTOP-6U7IB5P" tests="29" failures="1" errors="0" skipped="0" time="2.0282364">
        <testcase classname="src/components/common/NotificationDetailDialog.test.tsx" name="NotificationDetailDialog &gt; Dialog Opening and Closing &gt; does not render when open is false" time="0.0360884">
        </testcase>
        <testcase classname="src/components/common/NotificationDetailDialog.test.tsx" name="NotificationDetailDialog &gt; Dialog Opening and Closing &gt; renders when open is true" time="0.1075111">
            <system-err>
An update to NotificationDetailDialog inside a test was not wrapped in act(...).

When testing, code that causes React state updates should be wrapped into act(...):

act(() =&gt; {
  /* fire events that update state */
});
/* assert on the output */

This ensures that you&apos;re testing the behavior the user would see in the browser. Learn more at https://react.dev/link/wrap-tests-with-act
An update to NotificationDetailDialog inside a test was not wrapped in act(...).

When testing, code that causes React state updates should be wrapped into act(...):

act(() =&gt; {
  /* fire events that update state */
});
/* assert on the output */

This ensures that you&apos;re testing the behavior the user would see in the browser. Learn more at https://react.dev/link/wrap-tests-with-act

[MSW] Warning: intercepted a request without a matching request handler:

  • GET https://waste-less.alibartukonca.org/api/users/john_doe/profile?username=john_doe

If you still wish to intercept this unhandled request, please create a request handler for it.
Read more: https://mswjs.io/docs/http/intercepting-requests

            </system-err>
[...]
                &lt;/p&gt;
              &lt;/div&gt;
            &lt;/div&gt;
            &lt;div
              class=&quot;absolute bottom-2 right-2&quot;
            &gt;
              &lt;button
                type=&quot;button&quot;
              /&gt;
            ...
 ❯ Object.getElementError node_modules/@testing-library/dom/dist/config.js:37:19
 ❯ node_modules/@testing-library/dom/dist/query-helpers.js:76:38
 ❯ node_modules/@testing-library/dom/dist/query-helpers.js:52:17
 ❯ node_modules/@testing-library/dom/dist/query-helpers.js:95:19
 ❯ src/components/profile/WasteSummaryCard.test.tsx:61:14
            </failure>
        </testcase>
        <testcase classname="src/components/profile/WasteSummaryCard.test.tsx" name="WasteSummaryCard &gt; submits a custom range when the form is valid" time="0.6365783">
            <failure message="clear()` is only supported on editable elements." type="Error">
Error: clear()` is only supported on editable elements.
 ❯ Object.clear node_modules/@testing-library/user-event/dist/esm/utility/clear.js:17:15
 ❯ node_modules/@testing-library/user-event/dist/esm/setup/setup.js:83:35
 ❯ Object.asyncWrapper node_modules/@testing-library/react/dist/pure.js:88:28
 ❯ wrapAsync node_modules/@testing-library/user-event/dist/esm/setup/wrapAsync.js:6:24
 ❯ Object.method [as clear] node_modules/@testing-library/user-event/dist/esm/setup/setup.js:83:16
 ❯ src/components/profile/WasteSummaryCard.test.tsx:79:16
            </failure>
        </testcase>
        <testcase classname="src/components/profile/WasteSummaryCard.test.tsx" name="WasteSummaryCard &gt; surfaces errors from the API" time="0.0579712">
        </testcase>
        <testcase classname="src/components/profile/WasteSummaryCard.test.tsx" name="WasteSummaryCard &gt; prevents submission when the date range is invalid" time="0.486556">
        </testcase>
    </testsuite>
    <testsuite name="src/tests/examples/api-health.test.ts" timestamp="2025-12-21T12:20:45.283Z" hostname="DESKTOP-6U7IB5P" tests="2" failures="0" errors="0" skipped="0" time="0.0161187">
        <testcase classname="src/tests/examples/api-health.test.ts" name="returns the mocked API health payload" time="0.0117158">
        </testcase>
        <testcase classname="src/tests/examples/api-health.test.ts" name="allows overriding handlers scoped to a single spec" time="0.0019917">
        </testcase>
    </testsuite>
    <testsuite name="src/routes/challenges/_index.test.tsx" timestamp="2025-12-21T12:20:45.283Z" hostname="DESKTOP-6U7IB5P" tests="3" failures="0" errors="0" skipped="0" time="0.0544451">
        <testcase classname="src/routes/challenges/_index.test.tsx" name="ChallengesIndex route &gt; renders returned challenges" time="0.0265424">
        </testcase>
        <testcase classname="src/routes/challenges/_index.test.tsx" name="ChallengesIndex route &gt; shows empty state when there are no challenges" time="0.0171442">
        </testcase>
        <testcase classname="src/routes/challenges/_index.test.tsx" name="ChallengesIndex route &gt; shows an error when loading fails" time="0.008178">
        </testcase>
    </testsuite>
    <testsuite name="src/routes/feed/_index.test.tsx" timestamp="2025-12-21T12:20:45.284Z" hostname="DESKTOP-6U7IB5P" tests="6" failures="0" errors="0" skipped="0" time="0.1606706">
        <testcase classname="src/routes/feed/_index.test.tsx" name="FeedPage &gt; renders loading state initially" time="0.0407683">
        </testcase>
        <testcase classname="src/routes/feed/_index.test.tsx" name="FeedPage &gt; loads and renders feed page with posts" time="0.0313717">
        </testcase>
        <testcase classname="src/routes/feed/_index.test.tsx" name="FeedPage &gt; handles API error gracefully" time="0.014615">
            <system-err>
Error loading posts: Error: API Error
    at C:/Users/erens/Desktop/projects/bounswe2025group5/frontend/src/routes/feed/_index.test.tsx:136:46
    at [90mfile:///C:/Users/erens/Desktop/projects/bounswe2025group5/frontend/[39mnode_modules/[4m@vitest[24m/runner/dist/index.js:145:11
    at [90mfile:///C:/Users/erens/Desktop/projects/bounswe2025group5/frontend/[39mnode_modules/[4m@vitest[24m/runner/dist/index.js:915:26
    at [90mfile:///C:/Users/erens/Desktop/projects/bounswe2025group5/frontend/[39mnode_modules/[4m@vitest[24m/runner/dist/index.js:1240:20
    at new Promise (&lt;anonymous&gt;)
    at runWithTimeout [90m(file:///C:/Users/erens/Desktop/projects/bounswe2025group5/frontend/[39mnode_modules/[4m@vitest[24m/runner/dist/index.js:1206:10[90m)[39m
    at [90mfile:///C:/Users/erens/Desktop/projects/bounswe2025group5/frontend/[39mnode_modules/[4m@vitest[24m/runner/dist/index.js:1650:37
    at Traces.$ [90m(file:///C:/Users/erens/Desktop/projects/bounswe2025group5/frontend/[39mnode_modules/[4mvitest[24m/dist/chunks/traces.U4xDYhzZ.js:115:27[90m)[39m
    at trace [90m(file:///C:/Users/erens/Desktop/projects/bounswe2025group5/frontend/[39mnode_modules/[4mvitest[24m/dist/chunks/test.BT8LKgU9.js:239:21[90m)[39m
    at runTest [90m(file:///C:/Users/erens/Desktop/projects/bounswe2025group5/frontend/[39mnode_modules/[4m@vitest[24m/runner/dist/index.js:1650:12[90m)[39m

            </system-err>
        </testcase>
        <testcase classname="src/routes/feed/_index.test.tsx" name="FeedPage &gt; switches between latest and popular feeds" time="0.0257583">
        </testcase>
        <testcase classname="src/routes/feed/_index.test.tsx" name="FeedPage &gt; loads more posts" time="0.022738">
            <system-err>
Encountered two children with the same key, `1`. Keys should be unique so that components maintain their identity across updates. Non-unique keys may cause children to be duplicated and/or omitted — the behavior is unsupported and could change in a future version.
Encountered two children with the same key, `2`. Keys should be unique so that components maintain their identity across updates. Non-unique keys may cause children to be duplicated and/or omitted — the behavior is unsupported and could change in a future version.
Encountered two children with the same key, `3`. Keys should be unique so that components maintain their identity across updates. Non-unique keys may cause children to be duplicated and/or omitted — the behavior is unsupported and could change in a future version.
Encountered two children with the same key, `4`. Keys should be unique so that components maintain their identity across updates. Non-unique keys may cause children to be duplicated and/or omitted — the behavior is unsupported and could change in a future version.
Encountered two children with the same key, `5`. Keys should be unique so that components maintain their identity across updates. Non-unique keys may cause children to be duplicated and/or omitted — the behavior is unsupported and could change in a future version.
Encountered two children with the same key, `6`. Keys should be unique so that components maintain their identity across updates. Non-unique keys may cause children to be duplicated and/or omitted — the behavior is unsupported and could change in a future version.
Encountered two children with the same key, `7`. Keys should be unique so that components maintain their identity across updates. Non-unique keys may cause children to be duplicated and/or omitted — the behavior is unsupported and could change in a future version.
Encountered two children with the same key, `8`. Keys should be unique so that components maintain their identity across updates. Non-unique keys may cause children to be duplicated and/or omitted — the behavior is unsupported and could change in a future version.
Encountered two children with the same key, `9`. Keys should be unique so that components maintain their identity across updates. Non-unique keys may cause children to be duplicated and/or omitted — the behavior is unsupported and could change in a future version.
Encountered two children with the same key, `10`. Keys should be unique so that components maintain their identity across updates. Non-unique keys may cause children to be duplicated and/or omitted — the behavior is unsupported and could change in a future version.

            </system-err>
        </testcase>
        <testcase classname="src/routes/feed/_index.test.tsx" name="FeedPage &gt; search functionality" time="0.0222026">
        </testcase>
    </testsuite>
    <testsuite name="src/routes/goals/_index.test.tsx" timestamp="2025-12-21T12:20:45.285Z" hostname="DESKTOP-6U7IB5P" tests="3" failures="0" errors="0" skipped="0" time="0.4031599">
        <testcase classname="src/routes/goals/_index.test.tsx" name="GoalsIndex route &gt; renders fetched goals" time="0.0422836">
        </testcase>
        <testcase classname="src/routes/goals/_index.test.tsx" name="GoalsIndex route &gt; shows empty state when no username is available" time="0.0075861">
        </testcase>
        <testcase classname="src/routes/goals/_index.test.tsx" name="GoalsIndex route &gt; deletes a goal when delete action is triggered" time="0.3490032">
        </testcase>
    </testsuite>
    <testsuite name="src/routes/mainpage/_index.test.tsx" timestamp="2025-12-21T12:20:45.285Z" hostname="DESKTOP-6U7IB5P" tests="2" failures="0" errors="0" skipped="0" time="0.055488">
        <testcase classname="src/routes/mainpage/_index.test.tsx" name="MainpageIndex route &gt; renders challenge and post panels when data loads" time="0.0446749">
        </testcase>
        <testcase classname="src/routes/mainpage/_index.test.tsx" name="MainpageIndex route &gt; shows an error message when loading fails" time="0.0076374">
        </testcase>
    </testsuite>
    <testsuite name="src/routes/profile/_index.test.tsx" timestamp="2025-12-21T12:20:45.286Z" hostname="DESKTOP-6U7IB5P" tests="3" failures="0" errors="0" skipped="0" time="0.3618063">
        <testcase classname="src/routes/profile/_index.test.tsx" name="ProfileIndex route &gt; shows auth error when username is missing" time="0.0253649">
        </testcase>
        <testcase classname="src/routes/profile/_index.test.tsx" name="ProfileIndex route &gt; renders profile information after loading" time="0.046683">
        </testcase>
        <testcase classname="src/routes/profile/_index.test.tsx" name="ProfileIndex route &gt; loads saved posts when toggle is clicked" time="0.2870472">
        </testcase>
    </testsuite>
    <testsuite name="src/routes/moderator/_index.test.tsx" timestamp="2025-12-21T12:20:45.286Z" hostname="DESKTOP-6U7IB5P" tests="8" failures="8" errors="0" skipped="0" time="0.0910118">
        <testcase classname="src/routes/moderator/_index.test.tsx" name="ModeratorDashboard &gt; renders unread reports returned by the API" time="0.0388787">
            <failure message="defaultValue.replace is not a function" type="TypeError">
TypeError: defaultValue.replace is not a function
 ❯ t src/routes/moderator/_index.test.tsx:14:29
 ❯ ReportObjectDialog src/components/moderation/ReportObjectDialog.tsx:77:14
 ❯ Object.react_stack_bottom_frame node_modules/react-dom/cjs/react-dom-client.development.js:25904:20
 ❯ renderWithHooks node_modules/react-dom/cjs/react-dom-client.development.js:7662:22
 ❯ updateFunctionComponent node_modules/react-dom/cjs/react-dom-client.development.js:10166:19
 ❯ beginWork node_modules/react-dom/cjs/react-dom-client.development.js:11778:18
 ❯ runWithFiberInDEV node_modules/react-dom/cjs/react-dom-client.development.js:874:13
 ❯ performUnitOfWork node_modules/react-dom/cjs/react-dom-client.development.js:17641:22
 ❯ workLoopSync node_modules/react-dom/cjs/react-dom-client.development.js:17469:41
 ❯ renderRootSync node_modules/react-dom/cjs/react-dom-client.development.js:17450:11
            </failure>
        </testcase>
        <testcase classname="src/routes/moderator/_index.test.tsx" name="ModeratorDashboard &gt; surfaces backend errors to the moderator" time="0.0044536">
            <failure message="defaultValue.replace is not a function" type="TypeError">
TypeError: defaultValue.replace is not a function
 ❯ t src/routes/moderator/_index.test.tsx:14:29
 ❯ ReportObjectDialog src/components/moderation/ReportObjectDialog.tsx:77:14
 ❯ Object.react_stack_bottom_frame node_modules/react-dom/cjs/react-dom-client.development.js:25904:20
 ❯ renderWithHooks node_modules/react-dom/cjs/react-dom-client.development.js:7662:22
 ❯ updateFunctionComponent node_modules/react-dom/cjs/react-dom-client.development.js:10166:19
 ❯ beginWork node_modules/react-dom/cjs/react-dom-client.development.js:11778:18
 ❯ runWithFiberInDEV node_modules/react-dom/cjs/react-dom-client.development.js:874:13
 ❯ performUnitOfWork node_modules/react-dom/cjs/react-dom-client.development.js:17641:22
 ❯ workLoopSync node_modules/react-dom/cjs/react-dom-client.development.js:17469:41
 ❯ renderRootSync node_modules/react-dom/cjs/react-dom-client.development.js:17450:11
            </failure>
        </testcase>
        <testcase classname="src/routes/moderator/_index.test.tsx" name="ModeratorDashboard &gt; allows manually refreshing the queue" time="0.0047999">
            <failure message="defaultValue.replace is not a function" type="TypeError">
TypeError: defaultValue.replace is not a function
 ❯ t src/routes/moderator/_index.test.tsx:14:29
 ❯ ReportObjectDialog src/components/moderation/ReportObjectDialog.tsx:77:14
 ❯ Object.react_stack_bottom_frame node_modules/react-dom/cjs/react-dom-client.development.js:25904:20
 ❯ renderWithHooks node_modules/react-dom/cjs/react-dom-client.development.js:7662:22
 ❯ updateFunctionComponent node_modules/react-dom/cjs/react-dom-client.development.js:10166:19
 ❯ beginWork node_modules/react-dom/cjs/react-dom-client.development.js:11778:18
 ❯ runWithFiberInDEV node_modules/react-dom/cjs/react-dom-client.development.js:874:13
 ❯ performUnitOfWork node_modules/react-dom/cjs/react-dom-client.development.js:17641:22
 ❯ workLoopSync node_modules/react-dom/cjs/react-dom-client.development.js:17469:41
 ❯ renderRootSync node_modules/react-dom/cjs/react-dom-client.development.js:17450:11
            </failure>
        </testcase>
        <testcase classname="src/routes/moderator/_index.test.tsx" name="ModeratorDashboard &gt; marks reports as solved" time="0.0058762">
            <failure message="defaultValue.replace is not a function" type="TypeError">
TypeError: defaultValue.replace is not a function
 ❯ t src/routes/moderator/_index.test.tsx:14:29
 ❯ ReportObjectDialog src/components/moderation/ReportObjectDialog.tsx:77:14
 ❯ Object.react_stack_bottom_frame node_modules/react-dom/cjs/react-dom-client.development.js:25904:20
 ❯ renderWithHooks node_modules/react-dom/cjs/react-dom-client.development.js:7662:22
 ❯ updateFunctionComponent node_modules/react-dom/cjs/react-dom-client.development.js:10166:19
 ❯ beginWork node_modules/react-dom/cjs/react-dom-client.development.js:11778:18
 ❯ runWithFiberInDEV node_modules/react-dom/cjs/react-dom-client.development.js:874:13
 ❯ performUnitOfWork node_modules/react-dom/cjs/react-dom-client.development.js:17641:22
 ❯ workLoopSync node_modules/react-dom/cjs/react-dom-client.development.js:17469:41
 ❯ renderRootSync node_modules/react-dom/cjs/react-dom-client.development.js:17450:11
            </failure>
        </testcase>
        <testcase classname="src/routes/moderator/_index.test.tsx" name="ModeratorDashboard &gt; deletes reported posts when requested" time="0.0036229">
            <failure message="defaultValue.replace is not a function" type="TypeError">
TypeError: defaultValue.replace is not a function
 ❯ t src/routes/moderator/_index.test.tsx:14:29
 ❯ ReportObjectDialog src/components/moderation/ReportObjectDialog.tsx:77:14
 ❯ Object.react_stack_bottom_frame node_modules/react-dom/cjs/react-dom-client.development.js:25904:20
 ❯ renderWithHooks node_modules/react-dom/cjs/react-dom-client.development.js:7662:22
 ❯ updateFunctionComponent node_modules/react-dom/cjs/react-dom-client.development.js:10166:19
 ❯ beginWork node_modules/react-dom/cjs/react-dom-client.development.js:11778:18
 ❯ runWithFiberInDEV node_modules/react-dom/cjs/react-dom-client.development.js:874:13
 ❯ performUnitOfWork node_modules/react-dom/cjs/react-dom-client.development.js:17641:22
 ❯ workLoopSync node_modules/react-dom/cjs/react-dom-client.development.js:17469:41
 ❯ renderRootSync node_modules/react-dom/cjs/react-dom-client.development.js:17450:11
            </failure>
        </testcase>
        <testcase classname="src/routes/moderator/_index.test.tsx" name="ModeratorDashboard &gt; deletes reported comments with the proper API" time="0.0211953">
            <failure message="defaultValue.replace is not a function" type="TypeError">
TypeError: defaultValue.replace is not a function
 ❯ t src/routes/moderator/_index.test.tsx:14:29
 ❯ ReportObjectDialog src/components/moderation/ReportObjectDialog.tsx:77:14
 ❯ Object.react_stack_bottom_frame node_modules/react-dom/cjs/react-dom-client.development.js:25904:20
 ❯ renderWithHooks node_modules/react-dom/cjs/react-dom-client.development.js:7662:22
 ❯ updateFunctionComponent node_modules/react-dom/cjs/react-dom-client.development.js:10166:19
 ❯ beginWork node_modules/react-dom/cjs/react-dom-client.development.js:11778:18
 ❯ runWithFiberInDEV node_modules/react-dom/cjs/react-dom-client.development.js:874:13
 ❯ performUnitOfWork node_modules/react-dom/cjs/react-dom-client.development.js:17641:22
 ❯ workLoopSync node_modules/react-dom/cjs/react-dom-client.development.js:17469:41
 ❯ renderRootSync node_modules/react-dom/cjs/react-dom-client.development.js:17450:11
            </failure>
        </testcase>
        <testcase classname="src/routes/moderator/_index.test.tsx" name="ModeratorDashboard &gt; opens a dialog to preview reported posts" time="0.0039553">
            <failure message="defaultValue.replace is not a function" type="TypeError">
TypeError: defaultValue.replace is not a function
 ❯ t src/routes/moderator/_index.test.tsx:14:29
 ❯ ReportObjectDialog src/components/moderation/ReportObjectDialog.tsx:77:14
 ❯ Object.react_stack_bottom_frame node_modules/react-dom/cjs/react-dom-client.development.js:25904:20
 ❯ renderWithHooks node_modules/react-dom/cjs/react-dom-client.development.js:7662:22
 ❯ updateFunctionComponent node_modules/react-dom/cjs/react-dom-client.development.js:10166:19
 ❯ beginWork node_modules/react-dom/cjs/react-dom-client.development.js:11778:18
 ❯ runWithFiberInDEV node_modules/react-dom/cjs/react-dom-client.development.js:874:13
 ❯ performUnitOfWork node_modules/react-dom/cjs/react-dom-client.development.js:17641:22
 ❯ workLoopSync node_modules/react-dom/cjs/react-dom-client.development.js:17469:41
 ❯ renderRootSync node_modules/react-dom/cjs/react-dom-client.development.js:17450:11
            </failure>
        </testcase>
        <testcase classname="src/routes/moderator/_index.test.tsx" name="ModeratorDashboard &gt; shows comment preview when viewing reported comments" time="0.0037577">
            <failure message="defaultValue.replace is not a function" type="TypeError">
TypeError: defaultValue.replace is not a function
 ❯ t src/routes/moderator/_index.test.tsx:14:29
 ❯ ReportObjectDialog src/components/moderation/ReportObjectDialog.tsx:77:14
 ❯ Object.react_stack_bottom_frame node_modules/react-dom/cjs/react-dom-client.development.js:25904:20
 ❯ renderWithHooks node_modules/react-dom/cjs/react-dom-client.development.js:7662:22
 ❯ updateFunctionComponent node_modules/react-dom/cjs/react-dom-client.development.js:10166:19
 ❯ beginWork node_modules/react-dom/cjs/react-dom-client.development.js:11778:18
 ❯ runWithFiberInDEV node_modules/react-dom/cjs/react-dom-client.development.js:874:13
 ❯ performUnitOfWork node_modules/react-dom/cjs/react-dom-client.development.js:17641:22
 ❯ workLoopSync node_modules/react-dom/cjs/react-dom-client.development.js:17469:41
 ❯ renderRootSync node_modules/react-dom/cjs/react-dom-client.development.js:17450:11
            </failure>
        </testcase>
    </testsuite>
</testsuites>
